<?xml version="1.0" encoding="UTF-8"?>
<!-- Generated by org.testng.reporters.JUnitReportReporter -->
<testsuite hostname="DESKTOP-UO2RFHB" failures="0" tests="3" name="ifieldsmartTC_login.loginUser1ProjectListTC001" time="28.030" errors="0" timestamp="2022-06-07T16:05:24 IST" skipped="0">
  <testcase classname="ifieldsmartTC_login.loginUser1ProjectListTC001" name="initbrowser" time="7.969"/>
  <system-out/>
  <testcase classname="ifieldsmartTC_login.loginUser1ProjectListTC001" name="login" time="15.428"/>
  <system-out/>
  <testcase classname="ifieldsmartTC_login.loginUser1ProjectListTC001" name="projectCard1" time="4.633"/>
  <system-out/>
</testsuite> <!-- ifieldsmartTC_login.loginUser1ProjectListTC001 -->
