<?xml version="1.0" encoding="UTF-8"?>
<!-- Generated by org.testng.reporters.JUnitReportReporter -->
<testsuite hostname="DESKTOP-UO2RFHB" failures="0" tests="4" name="ifieldsmartTC_login.LoginPositiveScenerio" time="12.929" errors="0" timestamp="2022-06-07T12:17:09 IST" skipped="0">
  <testcase classname="ifieldsmartTC_login.LoginPositiveScenerio" name="initbrowser" time="7.105"/>
  <system-out/>
  <testcase classname="ifieldsmartTC_login.LoginPositiveScenerio" name="login" time="0.250"/>
  <system-out/>
  <testcase classname="ifieldsmartTC_login.LoginPositiveScenerio" name="initbrowser2" time="5.320"/>
  <system-out/>
  <testcase classname="ifieldsmartTC_login.LoginPositiveScenerio" name="login1" time="0.254"/>
  <system-out/>
</testsuite> <!-- ifieldsmartTC_login.LoginPositiveScenerio -->
