<?xml version="1.0" encoding="UTF-8"?>
<!-- Generated by org.testng.reporters.JUnitReportReporter -->
<testsuite hostname="DESKTOP-UO2RFHB" failures="0" tests="3" name="ifieldsmartTC_login.lognUser1ProjectListTC001" time="23.896" errors="0" timestamp="2022-06-07T13:59:14 IST" skipped="0">
  <testcase classname="ifieldsmartTC_login.lognUser1ProjectListTC001" name="initbrowser" time="7.852"/>
  <system-out/>
  <testcase classname="ifieldsmartTC_login.lognUser1ProjectListTC001" name="login" time="15.222"/>
  <system-out/>
  <testcase classname="ifieldsmartTC_login.lognUser1ProjectListTC001" name="projectCard1" time="0.822"/>
  <system-out/>
</testsuite> <!-- ifieldsmartTC_login.lognUser1ProjectListTC001 -->
