<?xml version="1.0" encoding="UTF-8"?>
<!-- Generated by org.testng.reporters.JUnitReportReporter -->
<testsuite hostname="DESKTOP-UO2RFHB" failures="0" tests="5" name="com.ifieldsmartTC_login.createNewRfi_TC001" time="26.899" errors="0" timestamp="2022-06-09T16:59:06 IST" skipped="0">
  <testcase classname="com.ifieldsmartTC_login.createNewRfi_TC001" name="initbrowser" time="7.192"/>
  <system-out/>
  <testcase classname="com.ifieldsmartTC_login.createNewRfi_TC001" name="login" time="11.180"/>
  <system-out/>
  <testcase classname="com.ifieldsmartTC_login.createNewRfi_TC001" name="projectCard1" time="4.431"/>
  <system-out/>
  <testcase classname="com.ifieldsmartTC_login.createNewRfi_TC001" name="rfiListCreate" time="0.390"/>
  <system-out/>
  <testcase classname="com.ifieldsmartTC_login.createNewRfi_TC001" name="createNewRfiForm" time="3.706"/>
  <system-out/>
</testsuite> <!-- com.ifieldsmartTC_login.createNewRfi_TC001 -->
