<?xml version="1.0" encoding="UTF-8"?>
<!-- Generated by org.testng.reporters.JUnitReportReporter -->
<testsuite hostname="DESKTOP-UO2RFHB" failures="0" tests="2" name="com.ifieldsmartTC_login.LoginPositiveScenerio" time="8.792" errors="0" timestamp="2022-06-09T16:50:55 IST" skipped="0">
  <testcase classname="com.ifieldsmartTC_login.LoginPositiveScenerio" name="initbrowser" time="6.435"/>
  <system-out/>
  <testcase classname="com.ifieldsmartTC_login.LoginPositiveScenerio" name="login" time="2.357"/>
  <system-out/>
</testsuite> <!-- com.ifieldsmartTC_login.LoginPositiveScenerio -->
